0 info it worked if it ends with ok
1 verbose cli [ 'C:\\Program Files\\nodejs\\node.exe',
1 verbose cli   'C:\\Program Files\\nodejs\\node_modules\\npm\\bin\\npm-cli.js',
1 verbose cli   'start' ]
2 info using npm@3.3.12
3 info using node@v5.4.1
4 verbose run-script [ 'prestart', 'start', 'poststart' ]
5 info lifecycle nodejs-express-mongoose-demo@4.0.0~prestart: nodejs-express-mongoose-demo@4.0.0
6 silly lifecycle nodejs-express-mongoose-demo@4.0.0~prestart: no script for prestart, continuing
7 info lifecycle nodejs-express-mongoose-demo@4.0.0~start: nodejs-express-mongoose-demo@4.0.0
8 verbose lifecycle nodejs-express-mongoose-demo@4.0.0~start: unsafe-perm in lifecycle true
9 verbose lifecycle nodejs-express-mongoose-demo@4.0.0~start: PATH: C:\Program Files\nodejs\node_modules\npm\bin\node-gyp-bin;C:\node\777\node-express-mongoose-demo\node_modules\.bin;C:\Users\RPSmedia\bin;C:\Program Files (x86)\Git\mingw32\bin;C:\Program Files (x86)\Git\usr\local\bin;C:\Program Files (x86)\Git\usr\bin;C:\Program Files (x86)\Git\usr\bin;C:\Program Files (x86)\Git\mingw32\bin;C:\Program Files (x86)\Git\usr\bin;C:\Users\RPSmedia\bin;C:\Program Files\Common Files\Microsoft Shared\Windows Live;C:\Program Files (x86)\Common Files\Microsoft Shared\Windows Live;C:\Program Files (x86)\NVIDIA Corporation\PhysX\Common;C:\Windows\system32;C:\Windows;C:\Windows\System32\Wbem;C:\Windows\System32\WindowsPowerShell\v1.0;C:\Program Files (x86)\Sony\VAIO Startup Setting Tool;C:\Program Files (x86)\Windows Live\Shared;C:\Program Files\nodejs;C:\Program Files (x86)\Heroku\bin;C:\Program Files (x86)\git\cmd;C:\Program Files (x86)\Git\cmd;C:\Users\RPSmedia\AppData\Roaming\npm;C:\Program Files (x86)\Git\usr\bin\vendor_perl;C:\Program Files (x86)\Git\usr\bin\core_perl
10 verbose lifecycle nodejs-express-mongoose-demo@4.0.0~start: CWD: C:\node\777\node-express-mongoose-demo
11 silly lifecycle nodejs-express-mongoose-demo@4.0.0~start: Args: [ '/d /s /c',
11 silly lifecycle   'NODE_ENV=development ./node_modules/.bin/nodemon server.js' ]
12 silly lifecycle nodejs-express-mongoose-demo@4.0.0~start: Returned: code: 1  signal: null
13 info lifecycle nodejs-express-mongoose-demo@4.0.0~start: Failed to exec start script
14 verbose stack Error: nodejs-express-mongoose-demo@4.0.0 start: `NODE_ENV=development ./node_modules/.bin/nodemon server.js`
14 verbose stack Exit status 1
14 verbose stack     at EventEmitter.<anonymous> (C:\Program Files\nodejs\node_modules\npm\lib\utils\lifecycle.js:232:16)
14 verbose stack     at emitTwo (events.js:87:13)
14 verbose stack     at EventEmitter.emit (events.js:172:7)
14 verbose stack     at ChildProcess.<anonymous> (C:\Program Files\nodejs\node_modules\npm\lib\utils\spawn.js:24:14)
14 verbose stack     at emitTwo (events.js:87:13)
14 verbose stack     at ChildProcess.emit (events.js:172:7)
14 verbose stack     at maybeClose (internal/child_process.js:821:16)
14 verbose stack     at Process.ChildProcess._handle.onexit (internal/child_process.js:211:5)
15 verbose pkgid nodejs-express-mongoose-demo@4.0.0
16 verbose cwd C:\node\777\node-express-mongoose-demo
17 error Windows_NT 6.1.7601
18 error argv "C:\\Program Files\\nodejs\\node.exe" "C:\\Program Files\\nodejs\\node_modules\\npm\\bin\\npm-cli.js" "start"
19 error node v5.4.1
20 error npm  v3.3.12
21 error code ELIFECYCLE
22 error nodejs-express-mongoose-demo@4.0.0 start: `NODE_ENV=development ./node_modules/.bin/nodemon server.js`
22 error Exit status 1
23 error Failed at the nodejs-express-mongoose-demo@4.0.0 start script 'NODE_ENV=development ./node_modules/.bin/nodemon server.js'.
23 error Make sure you have the latest version of node.js and npm installed.
23 error If you do, this is most likely a problem with the nodejs-express-mongoose-demo package,
23 error not with npm itself.
23 error Tell the author that this fails on your system:
23 error     NODE_ENV=development ./node_modules/.bin/nodemon server.js
23 error You can get their info via:
23 error     npm owner ls nodejs-express-mongoose-demo
23 error There is likely additional logging output above.
24 verbose exit [ 1, true ]
